# JRE version: Java(TM) SE Runtime Environment (8.0_101-b13) (build 1.8.0_101-b13)
# Java VM: Java HotSpot(TM) 64-Bit Server VM (25.101-b13 mixed mode windows-amd64 compressed oops)
Heap:
 PSYoungGen      total 175616K, used 49725K [0x000000076c200000, 0x000000077c800000, 0x00000007c0000000)
  eden space 160256K, 21% used [0x000000076c200000,0x000000076e3d9778,0x0000000775e80000)
  from space 15360K, 98% used [0x000000077b900000,0x000000077c7b5cc0,0x000000077c800000)
  to   space 17408K, 0% used [0x000000077a600000,0x000000077a600000,0x000000077b700000)
 ParOldGen       total 157696K, used 18554K [0x00000006c4600000, 0x00000006ce000000, 0x000000076c200000)
  object space 157696K, 11% used [0x00000006c4600000,0x00000006c581ea90,0x00000006ce000000)
 Metaspace       used 50258K, capacity 52996K, committed 53296K, reserved 1095680K
  class space    used 6652K, capacity 7149K, committed 7216K, reserved 1048576K
GC Heap History (10 events):
Event: 2.591 GC heap before
{Heap before GC invocations=6 (full 1):
 PSYoungGen      total 110080K, used 110030K [0x000000076c200000, 0x0000000775000000, 0x00000007c0000000)
  eden space 104448K, 100% used [0x000000076c200000,0x0000000772800000,0x0000000772800000)
  from space 5632K, 99% used [0x0000000774a80000,0x0000000774ff38c8,0x0000000775000000)
  to   space 10752K, 0% used [0x0000000773b00000,0x0000000773b00000,0x0000000774580000)
 ParOldGen       total 99840K, used 7903K [0x00000006c4600000, 0x00000006ca780000, 0x000000076c200000)
  object space 99840K, 7% used [0x00000006c4600000,0x00000006c4db7d10,0x00000006ca780000)
 Metaspace       used 27739K, capacity 28944K, committed 29232K, reserved 1075200K
  class space    used 3756K, capacity 4030K, committed 4144K, reserved 1048576K
Event: 2.597 GC heap after
Heap after GC invocations=6 (full 1):
 PSYoungGen      total 134656K, used 10738K [0x000000076c200000, 0x0000000777d00000, 0x00000007c0000000)
  eden space 123904K, 0% used [0x000000076c200000,0x000000076c200000,0x0000000773b00000)
  from space 10752K, 99% used [0x0000000773b00000,0x000000077457c888,0x0000000774580000)
  to   space 12288K, 0% used [0x0000000777100000,0x0000000777100000,0x0000000777d00000)
 ParOldGen       total 99840K, used 8444K [0x00000006c4600000, 0x00000006ca780000, 0x000000076c200000)
  object space 99840K, 8% used [0x00000006c4600000,0x00000006c4e3f380,0x00000006ca780000)
 Metaspace       used 27739K, capacity 28944K, committed 29232K, reserved 1075200K
  class space    used 3756K, capacity 4030K, committed 4144K, reserved 1048576K
}
Event: 3.312 GC heap before
{Heap before GC invocations=7 (full 1):
 PSYoungGen      total 134656K, used 130872K [0x000000076c200000, 0x0000000777d00000, 0x00000007c0000000)
  eden space 123904K, 96% used [0x000000076c200000,0x0000000773751a20,0x0000000773b00000)
  from space 10752K, 99% used [0x0000000773b00000,0x000000077457c888,0x0000000774580000)
  to   space 12288K, 0% used [0x0000000777100000,0x0000000777100000,0x0000000777d00000)
 ParOldGen       total 99840K, used 8444K [0x00000006c4600000, 0x00000006ca780000, 0x000000076c200000)
  object space 99840K, 8% used [0x00000006c4600000,0x00000006c4e3f380,0x00000006ca780000)
 Metaspace       used 33651K, capacity 35350K, committed 35496K, reserved 1079296K
  class space    used 4561K, capacity 4883K, committed 4912K, reserved 1048576K
Event: 3.318 GC heap after
Heap after GC invocations=7 (full 1):
 PSYoungGen      total 176640K, used 12258K [0x000000076c200000, 0x0000000779d00000, 0x00000007c0000000)
  eden space 164352K, 0% used [0x000000076c200000,0x000000076c200000,0x0000000776280000)
  from space 12288K, 99% used [0x0000000777100000,0x0000000777cf8bf8,0x0000000777d00000)
  to   space 14848K, 0% used [0x0000000776280000,0x0000000776280000,0x0000000777100000)
 ParOldGen       total 99840K, used 9924K [0x00000006c4600000, 0x00000006ca780000, 0x000000076c200000)
  object space 99840K, 9% used [0x00000006c4600000,0x00000006c4fb13d8,0x00000006ca780000)
 Metaspace       used 33651K, capacity 35350K, committed 35496K, reserved 1079296K
  class space    used 4561K, capacity 4883K, committed 4912K, reserved 1048576K
}
Event: 3.318 GC heap before
{Heap before GC invocations=8 (full 2):
 PSYoungGen      total 176640K, used 12258K [0x000000076c200000, 0x0000000779d00000, 0x00000007c0000000)
  eden space 164352K, 0% used [0x000000076c200000,0x000000076c200000,0x0000000776280000)
  from space 12288K, 99% used [0x0000000777100000,0x0000000777cf8bf8,0x0000000777d00000)
  to   space 14848K, 0% used [0x0000000776280000,0x0000000776280000,0x0000000777100000)
 ParOldGen       total 99840K, used 9924K [0x00000006c4600000, 0x00000006ca780000, 0x000000076c200000)
  object space 99840K, 9% used [0x00000006c4600000,0x00000006c4fb13d8,0x00000006ca780000)
 Metaspace       used 33651K, capacity 35350K, committed 35496K, reserved 1079296K
  class space    used 4561K, capacity 4883K, committed 4912K, reserved 1048576K
Event: 3.341 GC heap after
Heap after GC invocations=8 (full 2):
 PSYoungGen      total 176640K, used 0K [0x000000076c200000, 0x0000000779d00000, 0x00000007c0000000)
  eden space 164352K, 0% used [0x000000076c200000,0x000000076c200000,0x0000000776280000)
  from space 12288K, 0% used [0x0000000777100000,0x0000000777100000,0x0000000777d00000)
  to   space 14848K, 0% used [0x0000000776280000,0x0000000776280000,0x0000000777100000)
 ParOldGen       total 157696K, used 18538K [0x00000006c4600000, 0x00000006ce000000, 0x000000076c200000)
  object space 157696K, 11% used [0x00000006c4600000,0x00000006c581aa90,0x00000006ce000000)
 Metaspace       used 33651K, capacity 35350K, committed 35496K, reserved 1079296K
  class space    used 4561K, capacity 4883K, committed 4912K, reserved 1048576K
}
Event: 5.213 GC heap before
{Heap before GC invocations=9 (full 2):
 PSYoungGen      total 176640K, used 164352K [0x000000076c200000, 0x0000000779d00000, 0x00000007c0000000)
  eden space 164352K, 100% used [0x000000076c200000,0x0000000776280000,0x0000000776280000)
  from space 12288K, 0% used [0x0000000777100000,0x0000000777100000,0x0000000777d00000)
  to   space 14848K, 0% used [0x0000000776280000,0x0000000776280000,0x0000000777100000)
 ParOldGen       total 157696K, used 18538K [0x00000006c4600000, 0x00000006ce000000, 0x000000076c200000)
  object space 157696K, 11% used [0x00000006c4600000,0x00000006c581aa90,0x00000006ce000000)
 Metaspace       used 40532K, capacity 42846K, committed 43184K, reserved 1087488K
  class space    used 5524K, capacity 5947K, committed 6064K, reserved 1048576K
Event: 5.218 GC heap after
Heap after GC invocations=9 (full 2):
 PSYoungGen      total 179200K, used 11099K [0x000000076c200000, 0x000000077c800000, 0x00000007c0000000)
  eden space 164352K, 0% used [0x000000076c200000,0x000000076c200000,0x0000000776280000)
  from space 14848K, 74% used [0x0000000776280000,0x0000000776d56f48,0x0000000777100000)
  to   space 15360K, 0% used [0x000000077b900000,0x000000077b900000,0x000000077c800000)
 ParOldGen       total 157696K, used 18546K [0x00000006c4600000, 0x00000006ce000000, 0x000000076c200000)
  object space 157696K, 11% used [0x00000006c4600000,0x00000006c581ca90,0x00000006ce000000)
 Metaspace       used 40532K, capacity 42846K, committed 43184K, reserved 1087488K
  class space    used 5524K, capacity 5947K, committed 6064K, reserved 1048576K
}
Event: 345.806 GC heap before
{Heap before GC invocations=10 (full 2):
 PSYoungGen      total 179200K, used 175451K [0x000000076c200000, 0x000000077c800000, 0x00000007c0000000)
  eden space 164352K, 100% used [0x000000076c200000,0x0000000776280000,0x0000000776280000)
  from space 14848K, 74% used [0x0000000776280000,0x0000000776d56f48,0x0000000777100000)
  to   space 15360K, 0% used [0x000000077b900000,0x000000077b900000,0x000000077c800000)
 ParOldGen       total 157696K, used 18546K [0x00000006c4600000, 0x00000006ce000000, 0x000000076c200000)
  object space 157696K, 11% used [0x00000006c4600000,0x00000006c581ca90,0x00000006ce000000)
 Metaspace       used 48128K, capacity 50670K, committed 50992K, reserved 1093632K
  class space    used 6422K, capacity 6890K, committed 6960K, reserved 1048576K
Event: 345.815 GC heap after
Heap after GC invocations=10 (full 2):
 PSYoungGen      total 175616K, used 15063K [0x000000076c200000, 0x000000077c800000, 0x00000007c0000000)
  eden space 160256K, 0% used [0x000000076c200000,0x000000076c200000,0x0000000775e80000)
  from space 15360K, 98% used [0x000000077b900000,0x000000077c7b5cc0,0x000000077c800000)
  to   space 17408K, 0% used [0x000000077a600000,0x000000077a600000,0x000000077b700000)
 ParOldGen       total 157696K, used 18554K [0x00000006c4600000, 0x00000006ce000000, 0x000000076c200000)
  object space 157696K, 11% used [0x00000006c4600000,0x00000006c581ea90,0x00000006ce000000)
 Metaspace       used 48128K, capacity 50670K, committed 50992K, reserved 1093632K
  class space    used 6422K, capacity 6890K, committed 6960K, reserved 1048576K
}

